<?xml version="1.0" encoding="UTF-8"?>
<!-- Generated by org.testng.reporters.JUnitReportReporter -->
<testsuite hostname="DESKTOP-FRVIS0F" failures="0" tests="26" name="test.TestCases" time="16.977" errors="0" timestamp="2024-08-28T16:24:37 IST" skipped="0">
  <testcase classname="test.TestCases" name="title" time="0.034"/>
  <system-out/>
  <testcase classname="test.TestCases" name="userFieldVisible" time="0.070"/>
  <system-out/>
  <testcase classname="test.TestCases" name="passField" time="0.041"/>
  <system-out/>
  <testcase classname="test.TestCases" name="buttonVisible" time="0.034"/>
  <system-out/>
  <testcase classname="test.TestCases" name="userFieldPlacholderText" time="0.036"/>
  <system-out/>
  <testcase classname="test.TestCases" name="passwordFieldPlaceholderText" time="0.035"/>
  <system-out/>
  <testcase classname="test.TestCases" name="userLabelText" time="0.047"/>
  <system-out/>
  <testcase classname="test.TestCases" name="passwordLabelText" time="0.038"/>
  <system-out/>
  <testcase classname="test.TestCases" name="forgotLinkVisible" time="0.037"/>
  <system-out/>
  <testcase classname="test.TestCases" name="buttonTxt" time="0.034"/>
  <system-out/>
  <testcase classname="test.TestCases" name="buttonEnabled" time="0.040"/>
  <system-out/>
  <testcase classname="test.TestCases" name="buttonSelected" time="0.036"/>
  <system-out/>
  <testcase classname="test.TestCases" name="forgotLinkClickable" time="0.032"/>
  <system-out/>
  <testcase classname="test.TestCases" name="loginWithInvalid" time="2.501"/>
  <system-out/>
  <testcase classname="test.TestCases" name="loginWithBlankData" time="2.514"/>
  <system-out/>
  <testcase classname="test.TestCases" name="checkPasswordInDottedForm" time="0.290"/>
  <system-out/>
  <testcase classname="test.TestCases" name="withoutDataEnter" time="1.150"/>
  <system-out/>
  <testcase classname="test.TestCases" name="userErrorNoDataClickLogin" time="0.360"/>
  <system-out/>
  <testcase classname="test.TestCases" name="passErrroNoDataClickLogin" time="0.394"/>
  <system-out/>
  <testcase classname="test.TestCases" name="clickOnLogoImage" time="0.717"/>
  <system-out/>
  <testcase classname="test.TestCases" name="refreshPage" time="0.997"/>
  <system-out/>
  <testcase classname="test.TestCases" name="clickOnForgotLink" time="2.155"/>
  <system-out/>
  <testcase classname="test.TestCases" name="errorRemoveEnterDataInField" time="0.479"/>
  <system-out/>
  <testcase classname="test.TestCases" name="passDataEnterErrorRemove" time="0.522"/>
  <system-out/>
  <testcase classname="test.TestCases" name="checkUserFieldInText" time="0.485"/>
  <system-out/>
  <testcase classname="test.TestCases" name="loginWithValid" time="3.899"/>
  <system-out/>
</testsuite> <!-- test.TestCases -->
