<?xml version="1.0" encoding="UTF-8"?>
<!-- Generated by org.testng.reporters.JUnitReportReporter -->
<testsuite hostname="DESKTOP-FRVIS0F" failures="0" tests="25" name="test.TestCases" time="17.851" errors="0" timestamp="2024-08-27T15:57:10 IST" skipped="0">
  <testcase classname="test.TestCases" name="title" time="0.021"/>
  <system-out/>
  <testcase classname="test.TestCases" name="userFieldVisible" time="0.062"/>
  <system-out/>
  <testcase classname="test.TestCases" name="passField" time="0.043"/>
  <system-out/>
  <testcase classname="test.TestCases" name="buttonVisible" time="0.035"/>
  <system-out/>
  <testcase classname="test.TestCases" name="userFieldPlacholderText" time="0.028"/>
  <system-out/>
  <testcase classname="test.TestCases" name="passwordFieldPlaceholderText" time="0.026"/>
  <system-out/>
  <testcase classname="test.TestCases" name="userLabelText" time="0.040"/>
  <system-out/>
  <testcase classname="test.TestCases" name="passwordLabelText" time="0.029"/>
  <system-out/>
  <testcase classname="test.TestCases" name="forgotLinkVisible" time="0.032"/>
  <system-out/>
  <testcase classname="test.TestCases" name="buttonTxt" time="0.032"/>
  <system-out/>
  <testcase classname="test.TestCases" name="buttonEnabled" time="0.032"/>
  <system-out/>
  <testcase classname="test.TestCases" name="buttonSelected" time="0.035"/>
  <system-out/>
  <testcase classname="test.TestCases" name="forgotLinkClickable" time="0.033"/>
  <system-out/>
  <testcase classname="test.TestCases" name="loginWithInvalid" time="2.505"/>
  <system-out/>
  <testcase classname="test.TestCases" name="loginWithBlankData" time="2.503"/>
  <system-out/>
  <testcase classname="test.TestCases" name="checkPasswordInDottedForm" time="0.268"/>
  <system-out/>
  <testcase classname="test.TestCases" name="withoutDataEnter" time="1.117"/>
  <system-out/>
  <testcase classname="test.TestCases" name="userErrorNoDataClickLogin" time="0.360"/>
  <system-out/>
  <testcase classname="test.TestCases" name="passErrroNoDataClickLogin" time="0.389"/>
  <system-out/>
  <testcase classname="test.TestCases" name="clickOnLogoImage" time="0.572"/>
  <system-out/>
  <testcase classname="test.TestCases" name="refreshPage" time="0.868"/>
  <system-out/>
  <testcase classname="test.TestCases" name="clickOnForgotLink" time="2.181"/>
  <system-out/>
  <testcase classname="test.TestCases" name="errorRemoveEnterDataInField" time="0.455"/>
  <system-out/>
  <testcase classname="test.TestCases" name="passDataEnterErrorRemove" time="0.552"/>
  <system-out/>
  <testcase classname="test.TestCases" name="loginWithValid" time="5.633"/>
  <system-out/>
</testsuite> <!-- test.TestCases -->
