<?xml version="1.0" encoding="UTF-8"?>
<!-- Generated by org.testng.reporters.JUnitReportReporter -->
<testsuite hostname="DESKTOP-FRVIS0F" failures="0" tests="26" name="test.TestCases" time="16.085" errors="0" timestamp="2024-09-03T17:53:17 IST" skipped="0">
  <testcase classname="test.TestCases" name="title" time="0.024"/>
  <system-out/>
  <testcase classname="test.TestCases" name="userFieldVisible" time="0.057"/>
  <system-out/>
  <testcase classname="test.TestCases" name="passField" time="0.031"/>
  <system-out/>
  <testcase classname="test.TestCases" name="buttonVisible" time="0.031"/>
  <system-out/>
  <testcase classname="test.TestCases" name="userFieldPlacholderText" time="0.028"/>
  <system-out/>
  <testcase classname="test.TestCases" name="passwordFieldPlaceholderText" time="0.026"/>
  <system-out/>
  <testcase classname="test.TestCases" name="userLabelText" time="0.034"/>
  <system-out/>
  <testcase classname="test.TestCases" name="passwordLabelText" time="0.030"/>
  <system-out/>
  <testcase classname="test.TestCases" name="forgotLinkVisible" time="0.031"/>
  <system-out/>
  <testcase classname="test.TestCases" name="buttonTxt" time="0.024"/>
  <system-out/>
  <testcase classname="test.TestCases" name="buttonEnabled" time="0.026"/>
  <system-out/>
  <testcase classname="test.TestCases" name="buttonSelected" time="0.026"/>
  <system-out/>
  <testcase classname="test.TestCases" name="forgotLinkClickable" time="0.023"/>
  <system-out/>
  <testcase classname="test.TestCases" name="loginWithInvalid" time="2.436"/>
  <system-out/>
  <testcase classname="test.TestCases" name="loginWithBlankData" time="2.501"/>
  <system-out/>
  <testcase classname="test.TestCases" name="checkPasswordInDottedForm" time="0.236"/>
  <system-out/>
  <testcase classname="test.TestCases" name="withoutDataEnter" time="1.166"/>
  <system-out/>
  <testcase classname="test.TestCases" name="userErrorNoDataClickLogin" time="0.339"/>
  <system-out/>
  <testcase classname="test.TestCases" name="passErrroNoDataClickLogin" time="0.325"/>
  <system-out/>
  <testcase classname="test.TestCases" name="clickOnLogoImage" time="0.504"/>
  <system-out/>
  <testcase classname="test.TestCases" name="refreshPage" time="0.853"/>
  <system-out/>
  <testcase classname="test.TestCases" name="clickOnForgotLink" time="2.162"/>
  <system-out/>
  <testcase classname="test.TestCases" name="errorRemoveEnterDataInField" time="0.480"/>
  <system-out/>
  <testcase classname="test.TestCases" name="passDataEnterErrorRemove" time="0.539"/>
  <system-out/>
  <testcase classname="test.TestCases" name="checkUserFieldInText" time="0.418"/>
  <system-out/>
  <testcase classname="test.TestCases" name="loginWithValid" time="3.735"/>
  <system-out/>
</testsuite> <!-- test.TestCases -->
