<?xml version="1.0" encoding="UTF-8"?>
<!-- Generated by org.testng.reporters.JUnitReportReporter -->
<testsuite hostname="DESKTOP-FRVIS0F" failures="0" tests="58" name="test.DashboardTest" time="7.622" errors="0" timestamp="2024-09-04T17:43:23 IST" skipped="3">
  <testcase classname="test.DashboardTest" name="setlogin" time="3.476"/>
  <system-out/>
  <testcase classname="test.DashboardTest" name="checkUrl" time="0.031"/>
  <system-out/>
  <testcase classname="test.DashboardTest" name="visiblelogo" time="0.051"/>
  <system-out/>
  <testcase classname="test.DashboardTest" name="clickONLogo" time="0.100"/>
  <system-out/>
  <testcase classname="test.DashboardTest" name="checkMenuVisible" time="0.055"/>
  <system-out/>
  <testcase classname="test.DashboardTest" name="checkkMenuEnable" time="0.039"/>
  <system-out/>
  <testcase classname="test.DashboardTest" name="clickOnMenu" time="0.174"/>
  <system-out/>
  <testcase classname="test.DashboardTest" name="categotyBoxVisible" time="0.068"/>
  <system-out/>
  <testcase classname="test.DashboardTest" name="categoryBoxEna" time="0.047"/>
  <system-out/>
  <testcase classname="test.DashboardTest" name="logoutImgVisible" time="0.177"/>
  <system-out/>
  <testcase classname="test.DashboardTest" name="logoutimgEnabled" time="0.037"/>
  <system-out/>
  <testcase classname="test.DashboardTest" name="annblogTxtinScreen" time="0.077"/>
  <system-out/>
  <testcase classname="test.DashboardTest" name="manblogTxtinScreen" time="0.050"/>
  <system-out/>
  <testcase classname="test.DashboardTest" name="faqbloginTxtScreen" time="0.034"/>
  <system-out/>
  <testcase classname="test.DashboardTest" name="rombloginTxtScreen" time="0.035"/>
  <system-out/>
  <testcase classname="test.DashboardTest" name="annImageMatch" time="0.037"/>
  <system-out/>
  <testcase classname="test.DashboardTest" name="romImageMatch" time="0.034"/>
  <system-out/>
  <testcase classname="test.DashboardTest" name="faqImageMatch" time="0.033"/>
  <system-out/>
  <testcase classname="test.DashboardTest" name="checkLogoutImg" time="0.033"/>
  <system-out/>
  <testcase classname="test.DashboardTest" name="checkHeading" time="0.050"/>
  <system-out/>
  <testcase classname="test.DashboardTest" name="footerTxtVisible" time="0.030"/>
  <system-out/>
  <testcase classname="test.DashboardTest" name="dasSideNavTxtMatch" time="0.141"/>
  <system-out/>
  <testcase classname="test.DashboardTest" name="annSideNavTxtMatch" time="0.048"/>
  <system-out/>
  <testcase classname="test.DashboardTest" name="pollSideNavTxtMatch" time="0.073"/>
  <system-out/>
  <testcase classname="test.DashboardTest" name="romSideNavTxtMatch" time="0.054"/>
  <system-out/>
  <testcase classname="test.DashboardTest" name="faqcSideNavTxtMatch" time="0.059"/>
  <system-out/>
  <testcase classname="test.DashboardTest" name="faqSideNavTxtMatch" time="0.036"/>
  <system-out/>
  <testcase classname="test.DashboardTest" name="supcSideNavTxtMatch" time="0.038"/>
  <system-out/>
  <testcase classname="test.DashboardTest" name="supSideNavTxtMatch" time="0.032"/>
  <system-out/>
  <testcase classname="test.DashboardTest" name="mancSideNavTxtMatch" time="0.028"/>
  <system-out/>
  <testcase classname="test.DashboardTest" name="manrSideNavTxtMatch" time="0.032"/>
  <system-out/>
  <testcase classname="test.DashboardTest" name="shortSideNavTxtMatch" time="0.031"/>
  <system-out/>
  <testcase classname="test.DashboardTest" name="dasUrlCheck" time="0.009"/>
  <system-out/>
  <testcase classname="test.DashboardTest" name="annUrlCheck" time="0.093"/>
  <system-out/>
  <testcase classname="test.DashboardTest" name="pollUrlCheck" time="0.133"/>
  <system-out/>
  <testcase classname="test.DashboardTest" name="romcUrlCheck" time="0.176"/>
  <system-out/>
  <testcase classname="test.DashboardTest" name="faqcUrlCheck" time="0.182"/>
  <system-out/>
  <testcase classname="test.DashboardTest" name="faqUrlCheck" time="0.183"/>
  <system-out/>
  <testcase classname="test.DashboardTest" name="supcUrlCheck" time="0.173"/>
  <system-out/>
  <testcase classname="test.DashboardTest" name="supUrlCheck" time="0.276"/>
  <system-out/>
  <testcase classname="test.DashboardTest" name="mancUrlCheck" time="0.153"/>
  <system-out/>
  <testcase classname="test.DashboardTest" name="manrUrlCheck" time="0.131"/>
  <system-out/>
  <testcase classname="test.DashboardTest" name="autoUrlCheck" time="0.115"/>
  <system-out/>
  <testcase classname="test.DashboardTest" name="dasIconCheck" time="0.061"/>
  <system-out/>
  <testcase classname="test.DashboardTest" name="annIconCheck" time="0.058"/>
  <system-out/>
  <testcase classname="test.DashboardTest" name="pollIconCheck" time="0.049"/>
  <system-out/>
  <testcase classname="test.DashboardTest" name="romcIconCheck" time="0.047"/>
  <system-out/>
  <testcase classname="test.DashboardTest" name="faqcIconCheck" time="0.039"/>
  <system-out/>
  <testcase classname="test.DashboardTest" name="faqIconCheck" time="0.050"/>
  <system-out/>
  <testcase classname="test.DashboardTest" name="supcIconCheck" time="0.040"/>
  <system-out/>
  <testcase classname="test.DashboardTest" name="supIconCheck" time="0.040"/>
  <system-out/>
  <testcase classname="test.DashboardTest" name="mancIconCheck" time="0.045"/>
  <system-out/>
  <testcase classname="test.DashboardTest" name="manIconCheck" time="0.050"/>
  <system-out/>
  <testcase classname="test.DashboardTest" name="autorIconCheck" time="0.048"/>
  <system-out/>
  <testcase classname="test.DashboardTest" name="Logout" time="0.231"/>
  <system-out/>
  <testcase classname="test.DashboardTest" name="checktheCount">
    <skipped/>
  </testcase> <!-- checktheCount -->
  <system-out/>
  <testcase classname="test.DashboardTest" name="goLivePannel">
    <skipped/>
  </testcase> <!-- goLivePannel -->
  <system-out/>
  <testcase classname="test.DashboardTest" name="changePannel">
    <skipped/>
  </testcase> <!-- changePannel -->
  <system-out/>
</testsuite> <!-- test.DashboardTest -->
